
<dict>
	cocos2d.x.version: 2.2.1
	cocos2d.x.compiled_with_profiler: false
	cocos2d.x.compiled_with_gl_state_cache: true
	gl.vendor: Intel
	gl.renderer: Intel(R) HD Graphics 2000
	gl.version: 3.1.0 - Build 9.17.10.2828
	gl.max_texture_size: 8192
	gl.max_texture_units: 16
	gl.supports_PVRTC: false
	gl.supports_NPOT: true
	gl.supports_BGRA8888: false
	gl.supports_discard_framebuffer: false
	gl.supports_vertex_array_object: true
</dict>
lua_loadChunksFromZIP() - load zip file: E:\3rd\quick-cocos2d-x-2.2.1-rc\lib\framework_precompiled\framework_precompiled.zip
lua_loadChunksFromZIP() - loaded chunks count: 54
------------------------------------------------
LOAD LUA FILE: E:/3rd/cocos_practice_git/trunk/projects/game003/scripts/main.lua
------------------------------------------------
[0.1173] [INFO] 
[0.1178] [INFO] # DEBUG                        = 2
[0.1187] [INFO] #
[0.1193] [INFO] # device.platform              = windows
[0.1197] [INFO] # device.model                 = unknown
[0.1203] [INFO] # device.language              = cn
[0.1207] [INFO] # device.writablePath          = E:\3rd\cocos_practice_git\trunk\projects\game003\
[0.1221] [INFO] # device.cachePath             = E:\3rd\cocos_practice_git\trunk\projects\game003\
[0.1229] [INFO] # device.directorySeparator    = \
[0.1235] [INFO] # device.pathSeparator         = ;
[0.1239] [INFO] #
[0.1260] [INFO] # CONFIG_SCREEN_AUTOSCALE      = FIXED_HEIGHT
[0.1264] [INFO] # CONFIG_SCREEN_WIDTH          = 960.00
[0.1269] [INFO] # CONFIG_SCREEN_HEIGHT         = 640.00
[0.1273] [INFO] # display.widthInPixels        = 960.00
[0.1278] [INFO] # display.heightInPixels       = 640.00
[0.1284] [INFO] # display.contentScaleFactor   = 1.00
[0.1289] [INFO] # display.width                = 960.00
[0.1293] [INFO] # display.height               = 640.00
[0.1297] [INFO] # display.cx                   = 480.00
[0.1302] [INFO] # display.cy                   = 320.00
[0.1407] [INFO] # display.left                 = 0.00
[0.1412] [INFO] # display.right                = 960.00
[0.1417] [INFO] # display.top                  = 640.00
[0.1421] [INFO] # display.bottom               = 0.00
[0.1426] [INFO] # display.c_left               = -480.00
[0.1430] [INFO] # display.c_right              = 480.00
[0.1434] [INFO] # display.c_top                = 320.00
[0.1438] [INFO] # display.c_bottom             = -320.00
[0.1450] [INFO] #
[0.1622] [INFO] Scene "MainScene:onEnter()"
[1.0382] Start printed
[1.0389] ----------------------------------------
[1.0398] LUA ERROR: [string "E:/3rd/cocos_practice_git/trunk/projects/game003/scripts/app/scenes/MainScene.lua"]:13: attempt to call method 'replaceScene' (a nil value)

[1.0407] 
stack traceback:
	[string "E:/3rd/cocos_practice_git/trunk/projects/game003/scripts/app/scenes/MainScene.lua"]:13: in function ''
	[string "framework.ui"]: in main chunk
[1.0417] ----------------------------------------
